{"name": "登录账号参数化测试_daniel.tl.lo@pccw.com.uatc", "status": "broken", "statusDetails": {"message": "selenium.common.exceptions.NoSuchElementException: Message: no such element: Unable to locate element: {\"method\":\"xpath\",\"selector\":\"/html/body/div[1]/div/div/div[4]/div/div[1]/div/div/button\"}\n  (Session info: chrome=115.0.5790.110)", "trace": "self = <salesforce_web_test_me.TestCase.test_WaitMessages.TestWaitMessages object at 0x00000215673B5250>\nbefore = <airtest_selenium.proxy.WebChrome (session=\"38138b87d2fb24ffb3ee4cc0cb58a75e\")>\nusername = 'daniel.tl.lo@pccw.com.uatc', password = 'Mccph198'\nsender_phone_no = '85254105130', receiver_phone_number = '85251187287'\nsender_id = 'csl UATB Testing 2 (54105130)', whatsapp_contact_no = '54105130'\nwhatsapp_alt_contact = 'csl UATB Testing 2'\n\n    @pytest.mark.parametrize(\n        \"username, password, sender_phone_no, receiver_phone_number, sender_id, whatsapp_contact_no, whatsapp_alt_contact\", excel_data)\n    def test_wait_messages(self, before, username, password, sender_phone_no, receiver_phone_number, sender_id, whatsapp_contact_no, whatsapp_alt_contact):\n        driver = before\n        allure.dynamic.title(\"登录账号参数化测试_%s\" % username)\n>       WaitingMessages(driver).test_bot_expiry_queue_wait_case_wait(contact=whatsapp_contact_no, alt_contact=whatsapp_alt_contact, username=username, password=password)\n\ntest_WaitMessages.py:25: \n_ _ _ _ _ _ _ _ _ _ _ _ _ _ _ _ _ _ _ _ _ _ _ _ _ _ _ _ _ _ _ _ _ _ _ _ _ _ _ _\n..\\BLL\\WaitingMessages\\WaitingMessages.py:20: in test_bot_expiry_queue_wait_case_wait\n    bot_expiry = self.wm.test_bot_expiry(contact, alt_contact, username, password)\n..\\Element\\WaitingMessages\\WaitingMessages.py:89: in test_bot_expiry\n    self.whatsapp.search_for_contact(contact, alt_contact=alt_contact)\n..\\Element\\Whatsapp\\Whatsapp.py:39: in search_for_contact\n    input_box_search = self.driver.find_element_by_xpath(inp_xpath_search)\n..\\Common\\Tool.py:58: in find_element_by_xpath\n    element = self.driver.find_element(By.XPATH, xpath)\n..\\venv\\Lib\\site-packages\\selenium\\webdriver\\remote\\webdriver.py:964: in find_element\n    return self.execute(Command.FIND_ELEMENT, {\n..\\venv\\Lib\\site-packages\\selenium\\webdriver\\remote\\webdriver.py:320: in execute\n    self.error_handler.check_response(response)\n_ _ _ _ _ _ _ _ _ _ _ _ _ _ _ _ _ _ _ _ _ _ _ _ _ _ _ _ _ _ _ _ _ _ _ _ _ _ _ _\n\nself = <selenium.webdriver.remote.errorhandler.ErrorHandler object at 0x0000021567133590>\nresponse = {'status': 404, 'value': '{\"value\":{\"error\":\"no such element\",\"message\":\"no such element: Unable to locate element: {\\...dInitThunk [0x75637D59+25]\\\\n\\\\tRtlInitializeExceptionChain [0x7726B79B+107]\\\\n\\\\tRtlClearBits [0x7726B71F+191]\\\\n\"}}'}\n\n    def check_response(self, response):\n        \"\"\"\n        Checks that a JSON response from the WebDriver does not have an error.\n    \n        :Args:\n         - response - The JSON response from the WebDriver server as a dictionary\n           object.\n    \n        :Raises: If the response contains an error message.\n        \"\"\"\n        status = response.get('status', None)\n        if status is None or status == ErrorCode.SUCCESS:\n            return\n        value = None\n        message = response.get(\"message\", \"\")\n        screen = response.get(\"screen\", \"\")\n        stacktrace = None\n        if isinstance(status, int):\n            value_json = response.get('value', None)\n            if value_json and isinstance(value_json, basestring):\n                import json\n                try:\n                    value = json.loads(value_json)\n                    if len(value.keys()) == 1:\n                        value = value['value']\n                    status = value.get('error', None)\n                    if status is None:\n                        status = value[\"status\"]\n                        message = value[\"value\"]\n                        if not isinstance(message, basestring):\n                            value = message\n                            message = message.get('message')\n                    else:\n                        message = value.get('message', None)\n                except ValueError:\n                    pass\n    \n        exception_class = ErrorInResponseException\n        if status in ErrorCode.NO_SUCH_ELEMENT:\n            exception_class = NoSuchElementException\n        elif status in ErrorCode.NO_SUCH_FRAME:\n            exception_class = NoSuchFrameException\n        elif status in ErrorCode.NO_SUCH_WINDOW:\n            exception_class = NoSuchWindowException\n        elif status in ErrorCode.STALE_ELEMENT_REFERENCE:\n            exception_class = StaleElementReferenceException\n        elif status in ErrorCode.ELEMENT_NOT_VISIBLE:\n            exception_class = ElementNotVisibleException\n        elif status in ErrorCode.INVALID_ELEMENT_STATE:\n            exception_class = InvalidElementStateException\n        elif status in ErrorCode.INVALID_SELECTOR \\\n                or status in ErrorCode.INVALID_XPATH_SELECTOR \\\n                or status in ErrorCode.INVALID_XPATH_SELECTOR_RETURN_TYPER:\n            exception_class = InvalidSelectorException\n        elif status in ErrorCode.ELEMENT_IS_NOT_SELECTABLE:\n            exception_class = ElementNotSelectableException\n        elif status in ErrorCode.ELEMENT_NOT_INTERACTABLE:\n            exception_class = ElementNotInteractableException\n        elif status in ErrorCode.INVALID_COOKIE_DOMAIN:\n            exception_class = InvalidCookieDomainException\n        elif status in ErrorCode.UNABLE_TO_SET_COOKIE:\n            exception_class = UnableToSetCookieException\n        elif status in ErrorCode.TIMEOUT:\n            exception_class = TimeoutException\n        elif status in ErrorCode.SCRIPT_TIMEOUT:\n            exception_class = TimeoutException\n        elif status in ErrorCode.UNKNOWN_ERROR:\n            exception_class = WebDriverException\n        elif status in ErrorCode.UNEXPECTED_ALERT_OPEN:\n            exception_class = UnexpectedAlertPresentException\n        elif status in ErrorCode.NO_ALERT_OPEN:\n            exception_class = NoAlertPresentException\n        elif status in ErrorCode.IME_NOT_AVAILABLE:\n            exception_class = ImeNotAvailableException\n        elif status in ErrorCode.IME_ENGINE_ACTIVATION_FAILED:\n            exception_class = ImeActivationFailedException\n        elif status in ErrorCode.MOVE_TARGET_OUT_OF_BOUNDS:\n            exception_class = MoveTargetOutOfBoundsException\n        elif status in ErrorCode.JAVASCRIPT_ERROR:\n            exception_class = JavascriptException\n        elif status in ErrorCode.SESSION_NOT_CREATED:\n            exception_class = SessionNotCreatedException\n        elif status in ErrorCode.INVALID_ARGUMENT:\n            exception_class = InvalidArgumentException\n        elif status in ErrorCode.NO_SUCH_COOKIE:\n            exception_class = NoSuchCookieException\n        elif status in ErrorCode.UNABLE_TO_CAPTURE_SCREEN:\n            exception_class = ScreenshotException\n        elif status in ErrorCode.ELEMENT_CLICK_INTERCEPTED:\n            exception_class = ElementClickInterceptedException\n        elif status in ErrorCode.INSECURE_CERTIFICATE:\n            exception_class = InsecureCertificateException\n        elif status in ErrorCode.INVALID_COORDINATES:\n            exception_class = InvalidCoordinatesException\n        elif status in ErrorCode.INVALID_SESSION_ID:\n            exception_class = InvalidSessionIdException\n        elif status in ErrorCode.UNKNOWN_METHOD:\n            exception_class = UnknownMethodException\n        else:\n            exception_class = WebDriverException\n        if value == '' or value is None:\n            value = response['value']\n        if isinstance(value, basestring):\n            if exception_class == ErrorInResponseException:\n                raise exception_class(response, value)\n            raise exception_class(value)\n        if message == \"\" and 'message' in value:\n            message = value['message']\n    \n        screen = None\n        if 'screen' in value:\n            screen = value['screen']\n    \n        stacktrace = None\n        if 'stackTrace' in value and value['stackTrace']:\n            stacktrace = []\n            try:\n                for frame in value['stackTrace']:\n                    line = self._value_or_default(frame, 'lineNumber', '')\n                    file = self._value_or_default(frame, 'fileName', '<anonymous>')\n                    if line:\n                        file = \"%s:%s\" % (file, line)\n                    meth = self._value_or_default(frame, 'methodName', '<anonymous>')\n                    if 'className' in frame:\n                        meth = \"%s.%s\" % (frame['className'], meth)\n                    msg = \"    at %s (%s)\"\n                    msg = msg % (meth, file)\n                    stacktrace.append(msg)\n            except TypeError:\n                pass\n        if exception_class == ErrorInResponseException:\n            raise exception_class(response, message)\n        elif exception_class == UnexpectedAlertPresentException:\n            alert_text = None\n            if 'data' in value:\n                alert_text = value['data'].get('text')\n            elif 'alert' in value:\n                alert_text = value['alert'].get('text')\n            raise exception_class(message, screen, stacktrace, alert_text)\n>       raise exception_class(message, screen, stacktrace)\nE       selenium.common.exceptions.NoSuchElementException: Message: no such element: Unable to locate element: {\"method\":\"xpath\",\"selector\":\"/html/body/div[1]/div/div/div[4]/div/div[1]/div/div/button\"}\nE         (Session info: chrome=115.0.5790.110)\n\n..\\venv\\Lib\\site-packages\\selenium\\webdriver\\remote\\errorhandler.py:242: NoSuchElementException"}, "steps": [{"name": "Search for contact", "status": "broken", "statusDetails": {"message": "selenium.common.exceptions.NoSuchElementException: Message: no such element: Unable to locate element: {\"method\":\"xpath\",\"selector\":\"/html/body/div[1]/div/div/div[4]/div/div[1]/div/div/button\"}\n  (Session info: chrome=115.0.5790.110)\n\n", "trace": "  File \"C:\\Users\\user\\Desktop\\Github\\salesforce_web_test_me\\venv\\Lib\\site-packages\\allure_commons\\_allure.py\", line 192, in impl\n    return func(*a, **kw)\n           ^^^^^^^^^^^^^^\n  File \"C:\\Users\\user\\Desktop\\Github\\salesforce_web_test_me\\Element\\Whatsapp\\Whatsapp.py\", line 39, in search_for_contact\n    input_box_search = self.driver.find_element_by_xpath(inp_xpath_search)\n                       ^^^^^^^^^^^^^^^^^^^^^^^^^^^^^^^^^^^^^^^^^^^^^^^^^^^\n  File \"C:\\Users\\user\\Desktop\\Github\\salesforce_web_test_me\\Common\\Tool.py\", line 58, in find_element_by_xpath\n    element = self.driver.find_element(By.XPATH, xpath)\n              ^^^^^^^^^^^^^^^^^^^^^^^^^^^^^^^^^^^^^^^^^\n  File \"C:\\Users\\user\\Desktop\\Github\\salesforce_web_test_me\\venv\\Lib\\site-packages\\selenium\\webdriver\\remote\\webdriver.py\", line 964, in find_element\n    return self.execute(Command.FIND_ELEMENT, {\n           ^^^^^^^^^^^^^^^^^^^^^^^^^^^^^^^^^^^^\n  File \"C:\\Users\\user\\Desktop\\Github\\salesforce_web_test_me\\venv\\Lib\\site-packages\\selenium\\webdriver\\remote\\webdriver.py\", line 320, in execute\n    self.error_handler.check_response(response)\n  File \"C:\\Users\\user\\Desktop\\Github\\salesforce_web_test_me\\venv\\Lib\\site-packages\\selenium\\webdriver\\remote\\errorhandler.py\", line 242, in check_response\n    raise exception_class(message, screen, stacktrace)\n"}, "parameters": [{"name": "contact", "value": "'54105130'"}, {"name": "alt_contact", "value": "'csl UATB Testing 2'"}], "start": 1690534890497, "stop": 1690534920543}], "parameters": [{"name": "username", "value": "'daniel.tl.lo@pccw.com.uatc'"}, {"name": "password", "value": "'Mccph198'"}, {"name": "sender_phone_no", "value": "'85254105130'"}, {"name": "receiver_phone_number", "value": "'85251187287'"}, {"name": "sender_id", "value": "'csl UATB Testing 2 (54105130)'"}, {"name": "whatsapp_contact_no", "value": "'54105130'"}, {"name": "whatsapp_alt_contact", "value": "'csl UATB Testing 2'"}], "start": 1690534865169, "stop": 1690534920550, "uuid": "69c0cfcd-8a92-4631-9324-c8de0517ffc5", "historyId": "b2d32d90bf064e4d86c5272b715fc2e6", "testCaseId": "92cf639ae5b49d662ca49cb2b65585c0", "fullName": "test_WaitMessages.TestWaitMessages#test_wait_messages", "labels": [{"name": "story", "value": "登录账号参数化测试"}, {"name": "suite", "value": "test_WaitMessages"}, {"name": "subSuite", "value": "TestWaitMessages"}, {"name": "host", "value": "DESKTOP-569R7GO"}, {"name": "thread", "value": "35004-MainThread"}, {"name": "framework", "value": "pytest"}, {"name": "language", "value": "cpython3"}, {"name": "package", "value": "test_WaitMessages"}]}