{"name": "登录账号参数化测试_daniel.tl.lo@pccw.com.uatc", "status": "broken", "statusDetails": {"message": "selenium.common.exceptions.NoSuchWindowException: Message: no such window: target window already closed\nfrom unknown error: web view not found\n  (Session info: chrome=115.0.5790.110)", "trace": "self = <salesforce_web_test_me.TestCase.test_WaitMessages.TestWaitMessages object at 0x000001D8AB6ED250>\nbefore = <airtest_selenium.proxy.WebChrome (session=\"d659cd1c5f6c634982566edf55cb2426\")>\nusername = 'daniel.tl.lo@pccw.com.uatc', password = 'Mccph198'\nsender_phone_no = '85254105130', receiver_phone_number = '85251187287'\nsender_id = 'csl UATB Testing 2 (54105130)', whatsapp_contact_no = '54105130'\nwhatsapp_alt_contact = 'csl UATB Testing 2'\n\n    @pytest.mark.parametrize(\n        \"username, password, sender_phone_no, receiver_phone_number, sender_id, whatsapp_contact_no, whatsapp_alt_contact\", excel_data)\n    def test_wait_messages(self, before, username, password, sender_phone_no, receiver_phone_number, sender_id, whatsapp_contact_no, whatsapp_alt_contact):\n        driver = before\n        allure.dynamic.title(\"登录账号参数化测试_%s\" % username)\n>       WaitingMessages(driver).test_bot_expiry_queue_wait_case_wait(contact=whatsapp_contact_no, alt_contact=whatsapp_alt_contact, username=username, password=password)\n\ntest_WaitMessages.py:25: \n_ _ _ _ _ _ _ _ _ _ _ _ _ _ _ _ _ _ _ _ _ _ _ _ _ _ _ _ _ _ _ _ _ _ _ _ _ _ _ _\n..\\BLL\\WaitingMessages\\WaitingMessages.py:21: in test_bot_expiry_queue_wait_case_wait\n    queue_waiting = self.wm.test_queue_waiting(contact, alt_contact, username, password)\n..\\Element\\WaitingMessages\\WaitingMessages.py:183: in test_queue_waiting\n    self.client_to_server.accept_omni_channel_case()\n..\\Element\\ClientToServer\\ClientToServer.py:110: in accept_omni_channel_case\n    self.driver.find_element_by_xpath_click(xpath_button)\n..\\Common\\Tool.py:34: in find_element_by_xpath_click\n    element = self.driver.find_element_by_xpath(xpath)\n..\\venv\\Lib\\site-packages\\airtest\\utils\\logwraper.py:124: in wrapper\n    res = f(*args, **kwargs)\n..\\venv\\Lib\\site-packages\\airtest_selenium\\proxy.py:144: in find_element_by_xpath\n    log_res = self._gen_screen_log(web_element)\n..\\venv\\Lib\\site-packages\\airtest\\utils\\logwraper.py:124: in wrapper\n    res = f(*args, **kwargs)\n..\\venv\\Lib\\site-packages\\airtest_selenium\\proxy.py:321: in _gen_screen_log\n    self.screenshot(jpg_path)\n..\\venv\\Lib\\site-packages\\airtest_selenium\\proxy.py:335: in screenshot\n    self.save_screenshot(file_path)\n..\\venv\\Lib\\site-packages\\selenium\\webdriver\\remote\\webdriver.py:1043: in save_screenshot\n    return self.get_screenshot_as_file(filename)\n..\\venv\\Lib\\site-packages\\selenium\\webdriver\\remote\\webdriver.py:1020: in get_screenshot_as_file\n    png = self.get_screenshot_as_png()\n..\\venv\\Lib\\site-packages\\selenium\\webdriver\\remote\\webdriver.py:1052: in get_screenshot_as_png\n    return base64.b64decode(self.get_screenshot_as_base64().encode('ascii'))\n..\\venv\\Lib\\site-packages\\selenium\\webdriver\\remote\\webdriver.py:1062: in get_screenshot_as_base64\n    return self.execute(Command.SCREENSHOT)['value']\n..\\venv\\Lib\\site-packages\\selenium\\webdriver\\remote\\webdriver.py:320: in execute\n    self.error_handler.check_response(response)\n_ _ _ _ _ _ _ _ _ _ _ _ _ _ _ _ _ _ _ _ _ _ _ _ _ _ _ _ _ _ _ _ _ _ _ _ _ _ _ _\n\nself = <selenium.webdriver.remote.errorhandler.ErrorHandler object at 0x000001D8ACA55350>\nresponse = {'status': 404, 'value': '{\"value\":{\"error\":\"no such window\",\"message\":\"no such window: target window already closed\\\\...dInitThunk [0x75637D59+25]\\\\n\\\\tRtlInitializeExceptionChain [0x7726B79B+107]\\\\n\\\\tRtlClearBits [0x7726B71F+191]\\\\n\"}}'}\n\n    def check_response(self, response):\n        \"\"\"\n        Checks that a JSON response from the WebDriver does not have an error.\n    \n        :Args:\n         - response - The JSON response from the WebDriver server as a dictionary\n           object.\n    \n        :Raises: If the response contains an error message.\n        \"\"\"\n        status = response.get('status', None)\n        if status is None or status == ErrorCode.SUCCESS:\n            return\n        value = None\n        message = response.get(\"message\", \"\")\n        screen = response.get(\"screen\", \"\")\n        stacktrace = None\n        if isinstance(status, int):\n            value_json = response.get('value', None)\n            if value_json and isinstance(value_json, basestring):\n                import json\n                try:\n                    value = json.loads(value_json)\n                    if len(value.keys()) == 1:\n                        value = value['value']\n                    status = value.get('error', None)\n                    if status is None:\n                        status = value[\"status\"]\n                        message = value[\"value\"]\n                        if not isinstance(message, basestring):\n                            value = message\n                            message = message.get('message')\n                    else:\n                        message = value.get('message', None)\n                except ValueError:\n                    pass\n    \n        exception_class = ErrorInResponseException\n        if status in ErrorCode.NO_SUCH_ELEMENT:\n            exception_class = NoSuchElementException\n        elif status in ErrorCode.NO_SUCH_FRAME:\n            exception_class = NoSuchFrameException\n        elif status in ErrorCode.NO_SUCH_WINDOW:\n            exception_class = NoSuchWindowException\n        elif status in ErrorCode.STALE_ELEMENT_REFERENCE:\n            exception_class = StaleElementReferenceException\n        elif status in ErrorCode.ELEMENT_NOT_VISIBLE:\n            exception_class = ElementNotVisibleException\n        elif status in ErrorCode.INVALID_ELEMENT_STATE:\n            exception_class = InvalidElementStateException\n        elif status in ErrorCode.INVALID_SELECTOR \\\n                or status in ErrorCode.INVALID_XPATH_SELECTOR \\\n                or status in ErrorCode.INVALID_XPATH_SELECTOR_RETURN_TYPER:\n            exception_class = InvalidSelectorException\n        elif status in ErrorCode.ELEMENT_IS_NOT_SELECTABLE:\n            exception_class = ElementNotSelectableException\n        elif status in ErrorCode.ELEMENT_NOT_INTERACTABLE:\n            exception_class = ElementNotInteractableException\n        elif status in ErrorCode.INVALID_COOKIE_DOMAIN:\n            exception_class = InvalidCookieDomainException\n        elif status in ErrorCode.UNABLE_TO_SET_COOKIE:\n            exception_class = UnableToSetCookieException\n        elif status in ErrorCode.TIMEOUT:\n            exception_class = TimeoutException\n        elif status in ErrorCode.SCRIPT_TIMEOUT:\n            exception_class = TimeoutException\n        elif status in ErrorCode.UNKNOWN_ERROR:\n            exception_class = WebDriverException\n        elif status in ErrorCode.UNEXPECTED_ALERT_OPEN:\n            exception_class = UnexpectedAlertPresentException\n        elif status in ErrorCode.NO_ALERT_OPEN:\n            exception_class = NoAlertPresentException\n        elif status in ErrorCode.IME_NOT_AVAILABLE:\n            exception_class = ImeNotAvailableException\n        elif status in ErrorCode.IME_ENGINE_ACTIVATION_FAILED:\n            exception_class = ImeActivationFailedException\n        elif status in ErrorCode.MOVE_TARGET_OUT_OF_BOUNDS:\n            exception_class = MoveTargetOutOfBoundsException\n        elif status in ErrorCode.JAVASCRIPT_ERROR:\n            exception_class = JavascriptException\n        elif status in ErrorCode.SESSION_NOT_CREATED:\n            exception_class = SessionNotCreatedException\n        elif status in ErrorCode.INVALID_ARGUMENT:\n            exception_class = InvalidArgumentException\n        elif status in ErrorCode.NO_SUCH_COOKIE:\n            exception_class = NoSuchCookieException\n        elif status in ErrorCode.UNABLE_TO_CAPTURE_SCREEN:\n            exception_class = ScreenshotException\n        elif status in ErrorCode.ELEMENT_CLICK_INTERCEPTED:\n            exception_class = ElementClickInterceptedException\n        elif status in ErrorCode.INSECURE_CERTIFICATE:\n            exception_class = InsecureCertificateException\n        elif status in ErrorCode.INVALID_COORDINATES:\n            exception_class = InvalidCoordinatesException\n        elif status in ErrorCode.INVALID_SESSION_ID:\n            exception_class = InvalidSessionIdException\n        elif status in ErrorCode.UNKNOWN_METHOD:\n            exception_class = UnknownMethodException\n        else:\n            exception_class = WebDriverException\n        if value == '' or value is None:\n            value = response['value']\n        if isinstance(value, basestring):\n            if exception_class == ErrorInResponseException:\n                raise exception_class(response, value)\n            raise exception_class(value)\n        if message == \"\" and 'message' in value:\n            message = value['message']\n    \n        screen = None\n        if 'screen' in value:\n            screen = value['screen']\n    \n        stacktrace = None\n        if 'stackTrace' in value and value['stackTrace']:\n            stacktrace = []\n            try:\n                for frame in value['stackTrace']:\n                    line = self._value_or_default(frame, 'lineNumber', '')\n                    file = self._value_or_default(frame, 'fileName', '<anonymous>')\n                    if line:\n                        file = \"%s:%s\" % (file, line)\n                    meth = self._value_or_default(frame, 'methodName', '<anonymous>')\n                    if 'className' in frame:\n                        meth = \"%s.%s\" % (frame['className'], meth)\n                    msg = \"    at %s (%s)\"\n                    msg = msg % (meth, file)\n                    stacktrace.append(msg)\n            except TypeError:\n                pass\n        if exception_class == ErrorInResponseException:\n            raise exception_class(response, message)\n        elif exception_class == UnexpectedAlertPresentException:\n            alert_text = None\n            if 'data' in value:\n                alert_text = value['data'].get('text')\n            elif 'alert' in value:\n                alert_text = value['alert'].get('text')\n            raise exception_class(message, screen, stacktrace, alert_text)\n>       raise exception_class(message, screen, stacktrace)\nE       selenium.common.exceptions.NoSuchWindowException: Message: no such window: target window already closed\nE       from unknown error: web view not found\nE         (Session info: chrome=115.0.5790.110)\n\n..\\venv\\Lib\\site-packages\\selenium\\webdriver\\remote\\errorhandler.py:242: NoSuchWindowException"}, "steps": [{"name": "Search for contact", "status": "passed", "parameters": [{"name": "contact", "value": "'54105130'"}, {"name": "alt_contact", "value": "'csl UATB Testing 2'"}], "start": 1690536061297, "stop": 1690536096339}, {"name": "Send text thru chat box", "status": "passed", "parameters": [{"name": "message", "value": "'Hey, this is a Queue Waiting test'"}], "start": 1690536096339, "stop": 1690536103438}, {"name": "Send text thru chat box", "status": "passed", "parameters": [{"name": "message", "value": "'1'"}], "start": 1690536123438, "stop": 1690536130503}, {"name": "Input username", "status": "passed", "steps": [{"name": "Input text：daniel.tl.lo@pccw.com.uatc", "status": "passed", "start": 1690536133447, "stop": 1690536136070}], "parameters": [{"name": "username", "value": "'daniel.tl.lo@pccw.com.uatc'"}], "start": 1690536133447, "stop": 1690536136070}, {"name": "Input password", "status": "passed", "steps": [{"name": "Input text：Mccph198", "status": "passed", "start": 1690536136070, "stop": 1690536138593}], "parameters": [{"name": "password", "value": "'Mccph198'"}], "start": 1690536136070, "stop": 1690536138593}, {"name": "Click login button", "status": "passed", "steps": [{"name": "Click content：//*[@id=\"Login\"]", "status": "passed", "start": 1690536138594, "stop": 1690536141879}], "start": 1690536138593, "stop": 1690536141879}, {"name": "Check login status", "status": "passed", "steps": [{"name": "Assert content：/html/body/div[4]/div[1]/section/header/div[1]/div/span", "status": "passed", "start": 1690536141879, "stop": 1690536144544}], "start": 1690536141879, "stop": 1690536144544}, {"name": "Close all redundant tabs", "status": "passed", "start": 1690536147083, "stop": 1690536150092}, {"name": "Toggle omni-channel", "status": "passed", "steps": [{"name": "Click content：/html/body/div[4]/div[1]/section/div[2]/div[1]/div[5]/ul/li[2]/div/div/button", "status": "passed", "start": 1690536168170, "stop": 1690536169858}], "start": 1690536168170, "stop": 1690536174859}, {"name": "Online omni-channel", "status": "passed", "steps": [{"name": "Click content：/html/body/div[4]/div[1]/section/div[2]/div[1]/div[4]/div/div/div[2]/div[1]/div/button", "status": "passed", "start": 1690536174861, "stop": 1690536176560}, {"name": "Click content：/html/body/div[4]/div[1]/section/div[2]/div[1]/div[4]/div/div/div[2]/div[1]/div/div/ul/li[1]/a", "status": "passed", "start": 1690536178561, "stop": 1690536180277}, {"name": "Assert content：/html/body/div[4]/div[1]/section/div[2]/div[1]/div[4]/div/div/div[2]/div[1]/span", "status": "passed", "start": 1690536185279, "stop": 1690536185408}], "start": 1690536174859, "stop": 1690536186409}, {"name": "Accept Omni-Channel case", "status": "broken", "statusDetails": {"message": "selenium.common.exceptions.NoSuchWindowException: Message: no such window: target window already closed\nfrom unknown error: web view not found\n  (Session info: chrome=115.0.5790.110)\n\n", "trace": "  File \"C:\\Users\\user\\Desktop\\Github\\salesforce_web_test_me\\venv\\Lib\\site-packages\\allure_commons\\_allure.py\", line 192, in impl\n    return func(*a, **kw)\n           ^^^^^^^^^^^^^^\n  File \"C:\\Users\\user\\Desktop\\Github\\salesforce_web_test_me\\Element\\ClientToServer\\ClientToServer.py\", line 110, in accept_omni_channel_case\n    self.driver.find_element_by_xpath_click(xpath_button)\n  File \"C:\\Users\\user\\Desktop\\Github\\salesforce_web_test_me\\Common\\Tool.py\", line 34, in find_element_by_xpath_click\n    element = self.driver.find_element_by_xpath(xpath)\n              ^^^^^^^^^^^^^^^^^^^^^^^^^^^^^^^^^^^^^^^^\n  File \"C:\\Users\\user\\Desktop\\Github\\salesforce_web_test_me\\venv\\Lib\\site-packages\\airtest\\utils\\logwraper.py\", line 124, in wrapper\n    res = f(*args, **kwargs)\n          ^^^^^^^^^^^^^^^^^^\n  File \"C:\\Users\\user\\Desktop\\Github\\salesforce_web_test_me\\venv\\Lib\\site-packages\\airtest_selenium\\proxy.py\", line 144, in find_element_by_xpath\n    log_res = self._gen_screen_log(web_element)\n              ^^^^^^^^^^^^^^^^^^^^^^^^^^^^^^^^^\n  File \"C:\\Users\\user\\Desktop\\Github\\salesforce_web_test_me\\venv\\Lib\\site-packages\\airtest\\utils\\logwraper.py\", line 124, in wrapper\n    res = f(*args, **kwargs)\n          ^^^^^^^^^^^^^^^^^^\n  File \"C:\\Users\\user\\Desktop\\Github\\salesforce_web_test_me\\venv\\Lib\\site-packages\\airtest_selenium\\proxy.py\", line 321, in _gen_screen_log\n    self.screenshot(jpg_path)\n  File \"C:\\Users\\user\\Desktop\\Github\\salesforce_web_test_me\\venv\\Lib\\site-packages\\airtest_selenium\\proxy.py\", line 335, in screenshot\n    self.save_screenshot(file_path)\n  File \"C:\\Users\\user\\Desktop\\Github\\salesforce_web_test_me\\venv\\Lib\\site-packages\\selenium\\webdriver\\remote\\webdriver.py\", line 1043, in save_screenshot\n    return self.get_screenshot_as_file(filename)\n           ^^^^^^^^^^^^^^^^^^^^^^^^^^^^^^^^^^^^^\n  File \"C:\\Users\\user\\Desktop\\Github\\salesforce_web_test_me\\venv\\Lib\\site-packages\\selenium\\webdriver\\remote\\webdriver.py\", line 1020, in get_screenshot_as_file\n    png = self.get_screenshot_as_png()\n          ^^^^^^^^^^^^^^^^^^^^^^^^^^^^\n  File \"C:\\Users\\user\\Desktop\\Github\\salesforce_web_test_me\\venv\\Lib\\site-packages\\selenium\\webdriver\\remote\\webdriver.py\", line 1052, in get_screenshot_as_png\n    return base64.b64decode(self.get_screenshot_as_base64().encode('ascii'))\n                            ^^^^^^^^^^^^^^^^^^^^^^^^^^^^^^^\n  File \"C:\\Users\\user\\Desktop\\Github\\salesforce_web_test_me\\venv\\Lib\\site-packages\\selenium\\webdriver\\remote\\webdriver.py\", line 1062, in get_screenshot_as_base64\n    return self.execute(Command.SCREENSHOT)['value']\n           ^^^^^^^^^^^^^^^^^^^^^^^^^^^^^^^^\n  File \"C:\\Users\\user\\Desktop\\Github\\salesforce_web_test_me\\venv\\Lib\\site-packages\\selenium\\webdriver\\remote\\webdriver.py\", line 320, in execute\n    self.error_handler.check_response(response)\n  File \"C:\\Users\\user\\Desktop\\Github\\salesforce_web_test_me\\venv\\Lib\\site-packages\\selenium\\webdriver\\remote\\errorhandler.py\", line 242, in check_response\n    raise exception_class(message, screen, stacktrace)\n"}, "steps": [{"name": "Click content：/html/body/div[4]/div[1]/section/div[2]/div[1]/div[4]/div/div/div[2]/div[2]/div/section[1]/div/ul/li/div/div[2]/button", "status": "broken", "statusDetails": {"message": "selenium.common.exceptions.NoSuchWindowException: Message: no such window: target window already closed\nfrom unknown error: web view not found\n  (Session info: chrome=115.0.5790.110)\n\n", "trace": "  File \"C:\\Users\\user\\Desktop\\Github\\salesforce_web_test_me\\Common\\Tool.py\", line 34, in find_element_by_xpath_click\n    element = self.driver.find_element_by_xpath(xpath)\n              ^^^^^^^^^^^^^^^^^^^^^^^^^^^^^^^^^^^^^^^^\n  File \"C:\\Users\\user\\Desktop\\Github\\salesforce_web_test_me\\venv\\Lib\\site-packages\\airtest\\utils\\logwraper.py\", line 124, in wrapper\n    res = f(*args, **kwargs)\n          ^^^^^^^^^^^^^^^^^^\n  File \"C:\\Users\\user\\Desktop\\Github\\salesforce_web_test_me\\venv\\Lib\\site-packages\\airtest_selenium\\proxy.py\", line 144, in find_element_by_xpath\n    log_res = self._gen_screen_log(web_element)\n              ^^^^^^^^^^^^^^^^^^^^^^^^^^^^^^^^^\n  File \"C:\\Users\\user\\Desktop\\Github\\salesforce_web_test_me\\venv\\Lib\\site-packages\\airtest\\utils\\logwraper.py\", line 124, in wrapper\n    res = f(*args, **kwargs)\n          ^^^^^^^^^^^^^^^^^^\n  File \"C:\\Users\\user\\Desktop\\Github\\salesforce_web_test_me\\venv\\Lib\\site-packages\\airtest_selenium\\proxy.py\", line 321, in _gen_screen_log\n    self.screenshot(jpg_path)\n  File \"C:\\Users\\user\\Desktop\\Github\\salesforce_web_test_me\\venv\\Lib\\site-packages\\airtest_selenium\\proxy.py\", line 335, in screenshot\n    self.save_screenshot(file_path)\n  File \"C:\\Users\\user\\Desktop\\Github\\salesforce_web_test_me\\venv\\Lib\\site-packages\\selenium\\webdriver\\remote\\webdriver.py\", line 1043, in save_screenshot\n    return self.get_screenshot_as_file(filename)\n           ^^^^^^^^^^^^^^^^^^^^^^^^^^^^^^^^^^^^^\n  File \"C:\\Users\\user\\Desktop\\Github\\salesforce_web_test_me\\venv\\Lib\\site-packages\\selenium\\webdriver\\remote\\webdriver.py\", line 1020, in get_screenshot_as_file\n    png = self.get_screenshot_as_png()\n          ^^^^^^^^^^^^^^^^^^^^^^^^^^^^\n  File \"C:\\Users\\user\\Desktop\\Github\\salesforce_web_test_me\\venv\\Lib\\site-packages\\selenium\\webdriver\\remote\\webdriver.py\", line 1052, in get_screenshot_as_png\n    return base64.b64decode(self.get_screenshot_as_base64().encode('ascii'))\n                            ^^^^^^^^^^^^^^^^^^^^^^^^^^^^^^^\n  File \"C:\\Users\\user\\Desktop\\Github\\salesforce_web_test_me\\venv\\Lib\\site-packages\\selenium\\webdriver\\remote\\webdriver.py\", line 1062, in get_screenshot_as_base64\n    return self.execute(Command.SCREENSHOT)['value']\n           ^^^^^^^^^^^^^^^^^^^^^^^^^^^^^^^^\n  File \"C:\\Users\\user\\Desktop\\Github\\salesforce_web_test_me\\venv\\Lib\\site-packages\\selenium\\webdriver\\remote\\webdriver.py\", line 320, in execute\n    self.error_handler.check_response(response)\n  File \"C:\\Users\\user\\Desktop\\Github\\salesforce_web_test_me\\venv\\Lib\\site-packages\\selenium\\webdriver\\remote\\errorhandler.py\", line 242, in check_response\n    raise exception_class(message, screen, stacktrace)\n"}, "start": 1690536186409, "stop": 1690536188037}], "start": 1690536186409, "stop": 1690536188038}], "parameters": [{"name": "username", "value": "'daniel.tl.lo@pccw.com.uatc'"}, {"name": "password", "value": "'Mccph198'"}, {"name": "sender_phone_no", "value": "'85254105130'"}, {"name": "receiver_phone_number", "value": "'85251187287'"}, {"name": "sender_id", "value": "'csl UATB Testing 2 (54105130)'"}, {"name": "whatsapp_contact_no", "value": "'54105130'"}, {"name": "whatsapp_alt_contact", "value": "'csl UATB Testing 2'"}], "start": 1690536016028, "stop": 1690536188039, "uuid": "9c423dc1-84b0-4ee1-b8fd-7196772319c0", "historyId": "b2d32d90bf064e4d86c5272b715fc2e6", "testCaseId": "92cf639ae5b49d662ca49cb2b65585c0", "fullName": "test_WaitMessages.TestWaitMessages#test_wait_messages", "labels": [{"name": "story", "value": "登录账号参数化测试"}, {"name": "suite", "value": "test_WaitMessages"}, {"name": "subSuite", "value": "TestWaitMessages"}, {"name": "host", "value": "DESKTOP-569R7GO"}, {"name": "thread", "value": "19588-MainThread"}, {"name": "framework", "value": "pytest"}, {"name": "language", "value": "cpython3"}, {"name": "package", "value": "test_WaitMessages"}]}