{"name": "登录账号参数化测试_daniel.tl.lo@pccw.com.uatc", "status": "broken", "statusDetails": {"message": "selenium.common.exceptions.NoSuchElementException: Message: Element /html/body/div[4]/div[1]/section/div[2]/div[1]/div[4]/div/div/div[2]/div[2]/div/section[1]/div/ul/li/div/div[2]/button not found in screen", "trace": "self = <airtest_selenium.proxy.WebChrome (session=\"311e40ca49e20394a84686a08d9ec8ac\")>\nfunc = <bound method WebDriver.find_element_by_xpath of <airtest_selenium.proxy.WebChrome (session=\"311e40ca49e20394a84686a08d9ec8ac\")>>\ntext = '/html/body/div[4]/div[1]/section/div[2]/div[1]/div[4]/div/div/div[2]/div[2]/div/section[1]/div/ul/li/div/div[2]/button'\ntimeout = 10, interval = 0.5\n\n    def loop_find_element(self, func, text, timeout=10, interval=0.5):\n        \"\"\"\n        Loop to find the target web element by func.\n    \n        Args:\n            func: function to find element\n            text: param of function\n            timeout: time to find the element\n            interval: interval between operation\n        Returns:\n            element that been found\n        \"\"\"\n        start_time = time.time()\n        while True:\n            try:\n>               element = func(text)\n\n..\\venv\\Lib\\site-packages\\airtest_selenium\\proxy.py:53: \n_ _ _ _ _ _ _ _ _ _ _ _ _ _ _ _ _ _ _ _ _ _ _ _ _ _ _ _ _ _ _ _ _ _ _ _ _ _ _ _\n..\\venv\\Lib\\site-packages\\selenium\\webdriver\\remote\\webdriver.py:393: in find_element_by_xpath\n    return self.find_element(by=By.XPATH, value=xpath)\n..\\venv\\Lib\\site-packages\\selenium\\webdriver\\remote\\webdriver.py:964: in find_element\n    return self.execute(Command.FIND_ELEMENT, {\n..\\venv\\Lib\\site-packages\\selenium\\webdriver\\remote\\webdriver.py:320: in execute\n    self.error_handler.check_response(response)\n_ _ _ _ _ _ _ _ _ _ _ _ _ _ _ _ _ _ _ _ _ _ _ _ _ _ _ _ _ _ _ _ _ _ _ _ _ _ _ _\n\nself = <selenium.webdriver.remote.errorhandler.ErrorHandler object at 0x000001F0B02447D0>\nresponse = {'status': 404, 'value': '{\"value\":{\"error\":\"no such element\",\"message\":\"no such element: Unable to locate element: {\\...dInitThunk [0x75637D59+25]\\\\n\\\\tRtlInitializeExceptionChain [0x7726B79B+107]\\\\n\\\\tRtlClearBits [0x7726B71F+191]\\\\n\"}}'}\n\n    def check_response(self, response):\n        \"\"\"\n        Checks that a JSON response from the WebDriver does not have an error.\n    \n        :Args:\n         - response - The JSON response from the WebDriver server as a dictionary\n           object.\n    \n        :Raises: If the response contains an error message.\n        \"\"\"\n        status = response.get('status', None)\n        if status is None or status == ErrorCode.SUCCESS:\n            return\n        value = None\n        message = response.get(\"message\", \"\")\n        screen = response.get(\"screen\", \"\")\n        stacktrace = None\n        if isinstance(status, int):\n            value_json = response.get('value', None)\n            if value_json and isinstance(value_json, basestring):\n                import json\n                try:\n                    value = json.loads(value_json)\n                    if len(value.keys()) == 1:\n                        value = value['value']\n                    status = value.get('error', None)\n                    if status is None:\n                        status = value[\"status\"]\n                        message = value[\"value\"]\n                        if not isinstance(message, basestring):\n                            value = message\n                            message = message.get('message')\n                    else:\n                        message = value.get('message', None)\n                except ValueError:\n                    pass\n    \n        exception_class = ErrorInResponseException\n        if status in ErrorCode.NO_SUCH_ELEMENT:\n            exception_class = NoSuchElementException\n        elif status in ErrorCode.NO_SUCH_FRAME:\n            exception_class = NoSuchFrameException\n        elif status in ErrorCode.NO_SUCH_WINDOW:\n            exception_class = NoSuchWindowException\n        elif status in ErrorCode.STALE_ELEMENT_REFERENCE:\n            exception_class = StaleElementReferenceException\n        elif status in ErrorCode.ELEMENT_NOT_VISIBLE:\n            exception_class = ElementNotVisibleException\n        elif status in ErrorCode.INVALID_ELEMENT_STATE:\n            exception_class = InvalidElementStateException\n        elif status in ErrorCode.INVALID_SELECTOR \\\n                or status in ErrorCode.INVALID_XPATH_SELECTOR \\\n                or status in ErrorCode.INVALID_XPATH_SELECTOR_RETURN_TYPER:\n            exception_class = InvalidSelectorException\n        elif status in ErrorCode.ELEMENT_IS_NOT_SELECTABLE:\n            exception_class = ElementNotSelectableException\n        elif status in ErrorCode.ELEMENT_NOT_INTERACTABLE:\n            exception_class = ElementNotInteractableException\n        elif status in ErrorCode.INVALID_COOKIE_DOMAIN:\n            exception_class = InvalidCookieDomainException\n        elif status in ErrorCode.UNABLE_TO_SET_COOKIE:\n            exception_class = UnableToSetCookieException\n        elif status in ErrorCode.TIMEOUT:\n            exception_class = TimeoutException\n        elif status in ErrorCode.SCRIPT_TIMEOUT:\n            exception_class = TimeoutException\n        elif status in ErrorCode.UNKNOWN_ERROR:\n            exception_class = WebDriverException\n        elif status in ErrorCode.UNEXPECTED_ALERT_OPEN:\n            exception_class = UnexpectedAlertPresentException\n        elif status in ErrorCode.NO_ALERT_OPEN:\n            exception_class = NoAlertPresentException\n        elif status in ErrorCode.IME_NOT_AVAILABLE:\n            exception_class = ImeNotAvailableException\n        elif status in ErrorCode.IME_ENGINE_ACTIVATION_FAILED:\n            exception_class = ImeActivationFailedException\n        elif status in ErrorCode.MOVE_TARGET_OUT_OF_BOUNDS:\n            exception_class = MoveTargetOutOfBoundsException\n        elif status in ErrorCode.JAVASCRIPT_ERROR:\n            exception_class = JavascriptException\n        elif status in ErrorCode.SESSION_NOT_CREATED:\n            exception_class = SessionNotCreatedException\n        elif status in ErrorCode.INVALID_ARGUMENT:\n            exception_class = InvalidArgumentException\n        elif status in ErrorCode.NO_SUCH_COOKIE:\n            exception_class = NoSuchCookieException\n        elif status in ErrorCode.UNABLE_TO_CAPTURE_SCREEN:\n            exception_class = ScreenshotException\n        elif status in ErrorCode.ELEMENT_CLICK_INTERCEPTED:\n            exception_class = ElementClickInterceptedException\n        elif status in ErrorCode.INSECURE_CERTIFICATE:\n            exception_class = InsecureCertificateException\n        elif status in ErrorCode.INVALID_COORDINATES:\n            exception_class = InvalidCoordinatesException\n        elif status in ErrorCode.INVALID_SESSION_ID:\n            exception_class = InvalidSessionIdException\n        elif status in ErrorCode.UNKNOWN_METHOD:\n            exception_class = UnknownMethodException\n        else:\n            exception_class = WebDriverException\n        if value == '' or value is None:\n            value = response['value']\n        if isinstance(value, basestring):\n            if exception_class == ErrorInResponseException:\n                raise exception_class(response, value)\n            raise exception_class(value)\n        if message == \"\" and 'message' in value:\n            message = value['message']\n    \n        screen = None\n        if 'screen' in value:\n            screen = value['screen']\n    \n        stacktrace = None\n        if 'stackTrace' in value and value['stackTrace']:\n            stacktrace = []\n            try:\n                for frame in value['stackTrace']:\n                    line = self._value_or_default(frame, 'lineNumber', '')\n                    file = self._value_or_default(frame, 'fileName', '<anonymous>')\n                    if line:\n                        file = \"%s:%s\" % (file, line)\n                    meth = self._value_or_default(frame, 'methodName', '<anonymous>')\n                    if 'className' in frame:\n                        meth = \"%s.%s\" % (frame['className'], meth)\n                    msg = \"    at %s (%s)\"\n                    msg = msg % (meth, file)\n                    stacktrace.append(msg)\n            except TypeError:\n                pass\n        if exception_class == ErrorInResponseException:\n            raise exception_class(response, message)\n        elif exception_class == UnexpectedAlertPresentException:\n            alert_text = None\n            if 'data' in value:\n                alert_text = value['data'].get('text')\n            elif 'alert' in value:\n                alert_text = value['alert'].get('text')\n            raise exception_class(message, screen, stacktrace, alert_text)\n>       raise exception_class(message, screen, stacktrace)\nE       selenium.common.exceptions.NoSuchElementException: Message: no such element: Unable to locate element: {\"method\":\"xpath\",\"selector\":\"/html/body/div[4]/div[1]/section/div[2]/div[1]/div[4]/div/div/div[2]/div[2]/div/section[1]/div/ul/li/div/div[2]/button\"}\nE         (Session info: chrome=115.0.5790.110)\n\n..\\venv\\Lib\\site-packages\\selenium\\webdriver\\remote\\errorhandler.py:242: NoSuchElementException\n\nDuring handling of the above exception, another exception occurred:\n\nself = <salesforce_web_test_me.TestCase.test_WaitMessages.TestWaitMessages object at 0x000001F0AFA049D0>\nbefore = <airtest_selenium.proxy.WebChrome (session=\"311e40ca49e20394a84686a08d9ec8ac\")>\nusername = 'daniel.tl.lo@pccw.com.uatc', password = 'Mccph198'\nsender_phone_no = '85254105130', receiver_phone_number = '85251187287'\nsender_id = 'csl UATB Testing 2 (54105130)', whatsapp_contact_no = '54105130'\nwhatsapp_alt_contact = 'csl UATB Testing 2'\n\n    @pytest.mark.parametrize(\n        \"username, password, sender_phone_no, receiver_phone_number, sender_id, whatsapp_contact_no, whatsapp_alt_contact\", excel_data)\n    def test_wait_messages(self, before, username, password, sender_phone_no, receiver_phone_number, sender_id, whatsapp_contact_no, whatsapp_alt_contact):\n        driver = before\n        allure.dynamic.title(\"登录账号参数化测试_%s\" % username)\n>       WaitingMessages(driver).test_bot_expiry_queue_wait_case_wait(contact=whatsapp_contact_no, alt_contact=whatsapp_alt_contact, username=username, password=password)\n\ntest_WaitMessages.py:25: \n_ _ _ _ _ _ _ _ _ _ _ _ _ _ _ _ _ _ _ _ _ _ _ _ _ _ _ _ _ _ _ _ _ _ _ _ _ _ _ _\n..\\BLL\\WaitingMessages\\WaitingMessages.py:21: in test_bot_expiry_queue_wait_case_wait\n    queue_waiting = self.wm.test_queue_waiting(contact, alt_contact, username, password)\n..\\Element\\WaitingMessages\\WaitingMessages.py:182: in test_queue_waiting\n    self.client_to_server.accept_omni_channel_case()\n..\\Element\\ClientToServer\\ClientToServer.py:110: in accept_omni_channel_case\n    self.driver.find_element_by_xpath_click(xpath_button)\n..\\Common\\Tool.py:34: in find_element_by_xpath_click\n    element = self.driver.find_element_by_xpath(xpath)\n..\\venv\\Lib\\site-packages\\airtest\\utils\\logwraper.py:124: in wrapper\n    res = f(*args, **kwargs)\n..\\venv\\Lib\\site-packages\\airtest_selenium\\proxy.py:142: in find_element_by_xpath\n    web_element = self.loop_find_element(super(WebChrome, self).find_element_by_xpath, xpath)\n_ _ _ _ _ _ _ _ _ _ _ _ _ _ _ _ _ _ _ _ _ _ _ _ _ _ _ _ _ _ _ _ _ _ _ _ _ _ _ _\n\nself = <airtest_selenium.proxy.WebChrome (session=\"311e40ca49e20394a84686a08d9ec8ac\")>\nfunc = <bound method WebDriver.find_element_by_xpath of <airtest_selenium.proxy.WebChrome (session=\"311e40ca49e20394a84686a08d9ec8ac\")>>\ntext = '/html/body/div[4]/div[1]/section/div[2]/div[1]/div[4]/div/div/div[2]/div[2]/div/section[1]/div/ul/li/div/div[2]/button'\ntimeout = 10, interval = 0.5\n\n    def loop_find_element(self, func, text, timeout=10, interval=0.5):\n        \"\"\"\n        Loop to find the target web element by func.\n    \n        Args:\n            func: function to find element\n            text: param of function\n            timeout: time to find the element\n            interval: interval between operation\n        Returns:\n            element that been found\n        \"\"\"\n        start_time = time.time()\n        while True:\n            try:\n                element = func(text)\n            except NoSuchElementException:\n                print(\"Element not found!\")\n                # 超时则raise，未超时则进行下次循环:\n                if (time.time() - start_time) > timeout:\n                    # try_log_screen(screen)\n>                   raise NoSuchElementException(\n                        'Element %s not found in screen' % text)\nE                   selenium.common.exceptions.NoSuchElementException: Message: Element /html/body/div[4]/div[1]/section/div[2]/div[1]/div[4]/div/div/div[2]/div[2]/div/section[1]/div/ul/li/div/div[2]/button not found in screen\n\n..\\venv\\Lib\\site-packages\\airtest_selenium\\proxy.py:59: NoSuchElementException"}, "steps": [{"name": "Input username", "status": "passed", "steps": [{"name": "Input text：daniel.tl.lo@pccw.com.uatc", "status": "passed", "start": 1690534466098, "stop": 1690534469449}], "parameters": [{"name": "username", "value": "'daniel.tl.lo@pccw.com.uatc'"}], "start": 1690534466098, "stop": 1690534469449}, {"name": "Input password", "status": "passed", "steps": [{"name": "Input text：Mccph198", "status": "passed", "start": 1690534469449, "stop": 1690534472006}], "parameters": [{"name": "password", "value": "'Mccph198'"}], "start": 1690534469449, "stop": 1690534472006}, {"name": "Click login button", "status": "passed", "steps": [{"name": "Click content：//*[@id=\"Login\"]", "status": "passed", "start": 1690534472007, "stop": 1690534475338}], "start": 1690534472007, "stop": 1690534475338}, {"name": "Check login status", "status": "passed", "steps": [{"name": "Assert content：/html/body/div[4]/div[1]/section/header/div[1]/div/span", "status": "passed", "start": 1690534475338, "stop": 1690534479727}], "start": 1690534475338, "stop": 1690534479727}, {"name": "Close all redundant tabs", "status": "passed", "start": 1690534482295, "stop": 1690534485299}, {"name": "Search for contact", "status": "passed", "parameters": [{"name": "contact", "value": "'54105130'"}, {"name": "alt_contact", "value": "'csl UATB Testing 2'"}], "start": 1690534536844, "stop": 1690534544854}, {"name": "Send text thru chat box", "status": "passed", "parameters": [{"name": "message", "value": "'Hey, this is a bot expiry test'"}], "start": 1690534544854, "stop": 1690534551959}, {"name": "Input username", "status": "passed", "steps": [{"name": "Input text：daniel.tl.lo@pccw.com.uatc", "status": "passed", "start": 1690534554173, "stop": 1690534556747}], "parameters": [{"name": "username", "value": "'daniel.tl.lo@pccw.com.uatc'"}], "start": 1690534554172, "stop": 1690534556747}, {"name": "Input password", "status": "passed", "steps": [{"name": "Input text：Mccph198", "status": "passed", "start": 1690534556748, "stop": 1690534559286}], "parameters": [{"name": "password", "value": "'Mccph198'"}], "start": 1690534556748, "stop": 1690534559286}, {"name": "Click login button", "status": "passed", "steps": [{"name": "Click content：//*[@id=\"Login\"]", "status": "passed", "start": 1690534559287, "stop": 1690534562032}], "start": 1690534559286, "stop": 1690534562032}, {"name": "Check login status", "status": "passed", "steps": [{"name": "Assert content：/html/body/div[4]/div[1]/section/header/div[1]/div/span", "status": "passed", "start": 1690534562032, "stop": 1690534564418}], "start": 1690534562032, "stop": 1690534564418}, {"name": "Close all redundant tabs", "status": "passed", "steps": [{"name": "Click content：/html/body/div[4]/div[1]/section/div[1]/div/div[1]/div[2]/div/div/ul[2]/li[2]/div[2]/button", "status": "passed", "start": 1690534567042, "stop": 1690534568711}], "start": 1690534567024, "stop": 1690534569711}, {"name": "Search for contact", "status": "passed", "parameters": [{"name": "contact", "value": "'54105130'"}, {"name": "alt_contact", "value": "'csl UATB Testing 2'"}], "start": 1690534595186, "stop": 1690534603225}, {"name": "Send text thru chat box", "status": "passed", "parameters": [{"name": "message", "value": "'Hey, this is a Queue Waiting test'"}], "start": 1690534603225, "stop": 1690534610321}, {"name": "Send text thru chat box", "status": "passed", "parameters": [{"name": "message", "value": "'1'"}], "start": 1690534630322, "stop": 1690534637395}, {"name": "Input username", "status": "passed", "steps": [{"name": "Input text：daniel.tl.lo@pccw.com.uatc", "status": "passed", "start": 1690534639637, "stop": 1690534642215}], "parameters": [{"name": "username", "value": "'daniel.tl.lo@pccw.com.uatc'"}], "start": 1690534639636, "stop": 1690534642215}, {"name": "Input password", "status": "passed", "steps": [{"name": "Input text：Mccph198", "status": "passed", "start": 1690534642215, "stop": 1690534644751}], "parameters": [{"name": "password", "value": "'Mccph198'"}], "start": 1690534642215, "stop": 1690534644751}, {"name": "Click login button", "status": "passed", "steps": [{"name": "Click content：//*[@id=\"Login\"]", "status": "passed", "start": 1690534644751, "stop": 1690534648723}], "start": 1690534644751, "stop": 1690534648723}, {"name": "Check login status", "status": "passed", "steps": [{"name": "Assert content：/html/body/div[4]/div[1]/section/header/div[1]/div/span", "status": "passed", "start": 1690534648723, "stop": 1690534649504}], "start": 1690534648723, "stop": 1690534649504}, {"name": "Close all redundant tabs", "status": "passed", "steps": [{"name": "Click content：/html/body/div[4]/div[1]/section/div[1]/div/div[1]/div[2]/div/div/ul[2]/li[2]/div[2]/button", "status": "passed", "start": 1690534652161, "stop": 1690534653838}], "start": 1690534652139, "stop": 1690534654838}, {"name": "Toggle omni-channel", "status": "passed", "steps": [{"name": "Click content：/html/body/div[4]/div[1]/section/div[2]/div[1]/div[5]/ul/li[2]/div/div/button", "status": "passed", "start": 1690534672334, "stop": 1690534674015}], "start": 1690534672334, "stop": 1690534679016}, {"name": "Online omni-channel", "status": "passed", "steps": [{"name": "Click content：/html/body/div[4]/div[1]/section/div[2]/div[1]/div[4]/div/div/div[2]/div[1]/div/button", "status": "passed", "start": 1690534679016, "stop": 1690534680720}, {"name": "Click content：/html/body/div[4]/div[1]/section/div[2]/div[1]/div[4]/div/div/div[2]/div[1]/div/div/ul/li[1]/a", "status": "passed", "start": 1690534682721, "stop": 1690534684447}, {"name": "Assert content：/html/body/div[4]/div[1]/section/div[2]/div[1]/div[4]/div/div/div[2]/div[1]/span", "status": "passed", "start": 1690534689448, "stop": 1690534689575}], "start": 1690534679016, "stop": 1690534690576}, {"name": "Accept Omni-Channel case", "status": "broken", "statusDetails": {"message": "selenium.common.exceptions.NoSuchElementException: Message: Element /html/body/div[4]/div[1]/section/div[2]/div[1]/div[4]/div/div/div[2]/div[2]/div/section[1]/div/ul/li/div/div[2]/button not found in screen\n\n", "trace": "  File \"C:\\Users\\user\\Desktop\\Github\\salesforce_web_test_me\\venv\\Lib\\site-packages\\allure_commons\\_allure.py\", line 192, in impl\n    return func(*a, **kw)\n           ^^^^^^^^^^^^^^\n  File \"C:\\Users\\user\\Desktop\\Github\\salesforce_web_test_me\\Element\\ClientToServer\\ClientToServer.py\", line 110, in accept_omni_channel_case\n    self.driver.find_element_by_xpath_click(xpath_button)\n  File \"C:\\Users\\user\\Desktop\\Github\\salesforce_web_test_me\\Common\\Tool.py\", line 34, in find_element_by_xpath_click\n    element = self.driver.find_element_by_xpath(xpath)\n              ^^^^^^^^^^^^^^^^^^^^^^^^^^^^^^^^^^^^^^^^\n  File \"C:\\Users\\user\\Desktop\\Github\\salesforce_web_test_me\\venv\\Lib\\site-packages\\airtest\\utils\\logwraper.py\", line 124, in wrapper\n    res = f(*args, **kwargs)\n          ^^^^^^^^^^^^^^^^^^\n  File \"C:\\Users\\user\\Desktop\\Github\\salesforce_web_test_me\\venv\\Lib\\site-packages\\airtest_selenium\\proxy.py\", line 142, in find_element_by_xpath\n    web_element = self.loop_find_element(super(WebChrome, self).find_element_by_xpath, xpath)\n                  ^^^^^^^^^^^^^^^^^^^^^^^^^^^^^^^^^^^^^^^^^^^^^^^^^^^^^^^^^^^^^^^^^^^^^^^^^^^\n  File \"C:\\Users\\user\\Desktop\\Github\\salesforce_web_test_me\\venv\\Lib\\site-packages\\airtest_selenium\\proxy.py\", line 59, in loop_find_element\n    raise NoSuchElementException(\n"}, "steps": [{"name": "Click content：/html/body/div[4]/div[1]/section/div[2]/div[1]/div[4]/div/div/div[2]/div[2]/div/section[1]/div/ul/li/div/div[2]/button", "status": "broken", "statusDetails": {"message": "selenium.common.exceptions.NoSuchElementException: Message: Element /html/body/div[4]/div[1]/section/div[2]/div[1]/div[4]/div/div/div[2]/div[2]/div/section[1]/div/ul/li/div/div[2]/button not found in screen\n\n", "trace": "  File \"C:\\Users\\user\\Desktop\\Github\\salesforce_web_test_me\\Common\\Tool.py\", line 34, in find_element_by_xpath_click\n    element = self.driver.find_element_by_xpath(xpath)\n              ^^^^^^^^^^^^^^^^^^^^^^^^^^^^^^^^^^^^^^^^\n  File \"C:\\Users\\user\\Desktop\\Github\\salesforce_web_test_me\\venv\\Lib\\site-packages\\airtest\\utils\\logwraper.py\", line 124, in wrapper\n    res = f(*args, **kwargs)\n          ^^^^^^^^^^^^^^^^^^\n  File \"C:\\Users\\user\\Desktop\\Github\\salesforce_web_test_me\\venv\\Lib\\site-packages\\airtest_selenium\\proxy.py\", line 142, in find_element_by_xpath\n    web_element = self.loop_find_element(super(WebChrome, self).find_element_by_xpath, xpath)\n                  ^^^^^^^^^^^^^^^^^^^^^^^^^^^^^^^^^^^^^^^^^^^^^^^^^^^^^^^^^^^^^^^^^^^^^^^^^^^\n  File \"C:\\Users\\user\\Desktop\\Github\\salesforce_web_test_me\\venv\\Lib\\site-packages\\airtest_selenium\\proxy.py\", line 59, in loop_find_element\n    raise NoSuchElementException(\n"}, "start": 1690534690576, "stop": 1690534700662}], "start": 1690534690576, "stop": 1690534700663}], "parameters": [{"name": "username", "value": "'daniel.tl.lo@pccw.com.uatc'"}, {"name": "password", "value": "'Mccph198'"}, {"name": "sender_phone_no", "value": "'85254105130'"}, {"name": "receiver_phone_number", "value": "'85251187287'"}, {"name": "sender_id", "value": "'csl UATB Testing 2 (54105130)'"}, {"name": "whatsapp_contact_no", "value": "'54105130'"}, {"name": "whatsapp_alt_contact", "value": "'csl UATB Testing 2'"}], "start": 1690534435487, "stop": 1690534700664, "uuid": "547dbb85-e5e5-4428-9d0c-e5a417735d25", "historyId": "b2d32d90bf064e4d86c5272b715fc2e6", "testCaseId": "92cf639ae5b49d662ca49cb2b65585c0", "fullName": "test_WaitMessages.TestWaitMessages#test_wait_messages", "labels": [{"name": "story", "value": "登录账号参数化测试"}, {"name": "suite", "value": "test_WaitMessages"}, {"name": "subSuite", "value": "TestWaitMessages"}, {"name": "host", "value": "DESKTOP-569R7GO"}, {"name": "thread", "value": "5064-MainThread"}, {"name": "framework", "value": "pytest"}, {"name": "language", "value": "cpython3"}, {"name": "package", "value": "test_WaitMessages"}]}